app/build/intermediates/manifest_merge_blame_file/debug/manifest-merger-blame-debug-report.txt
1<?xml version="1.0" encoding="utf-8"?>
2<manifest xmlns:android="http://schemas.android.com/apk/res/android"
3    package="com.example.plantapp"
4    android:versionCode="1"
5    android:versionName="1.0" >
6
7    <uses-sdk
8        android:minSdkVersion="21"
8-->src/main/AndroidManifest.xml
9        android:targetSdkVersion="32" />
9-->src/main/AndroidManifest.xml
10
11    <uses-permission android:name="android.permission.REORDER_TASKS" />
11-->[androidx.fragment:fragment-testing:1.4.1] AndroidManifest.xml:25:5-72
11-->[androidx.fragment:fragment-testing:1.4.1] AndroidManifest.xml:25:22-69
12
13    <application
13-->src/main/AndroidManifest.xml:6:5-23:19
14        android:allowBackup="true"
14-->src/main/AndroidManifest.xml:7:9-35
15        android:appComponentFactory="androidx.core.app.CoreComponentFactory"
15-->[androidx.core:core:1.7.0] AndroidManifest.xml:24:18-86
16        android:debuggable="true"
17        android:icon="@mipmap/ic_launcher"
17-->src/main/AndroidManifest.xml:8:9-43
18        android:label="@string/app_name"
18-->src/main/AndroidManifest.xml:9:9-41
19        android:roundIcon="@mipmap/ic_launcher_round"
19-->src/main/AndroidManifest.xml:10:9-54
20        android:supportsRtl="true"
20-->src/main/AndroidManifest.xml:11:9-35
21        android:testOnly="true"
22        android:theme="@style/Theme.PlantApp" >
22-->src/main/AndroidManifest.xml:12:9-46
23        <activity
23-->src/main/AndroidManifest.xml:13:9-22:20
24            android:name="com.example.plantapp.MainActivity"
24-->src/main/AndroidManifest.xml:14:13-61
25            android:exported="true"
25-->src/main/AndroidManifest.xml:16:13-36
26            android:label="@string/app_name" >
26-->src/main/AndroidManifest.xml:15:13-45
27            <intent-filter>
27-->src/main/AndroidManifest.xml:17:13-21:29
28                <action android:name="android.intent.action.MAIN" />
28-->src/main/AndroidManifest.xml:18:17-69
28-->src/main/AndroidManifest.xml:18:25-66
29
30                <category android:name="android.intent.category.LAUNCHER" />
30-->src/main/AndroidManifest.xml:20:17-77
30-->src/main/AndroidManifest.xml:20:27-74
31            </intent-filter>
32        </activity>
33        <activity
33-->[androidx.fragment:fragment-testing:1.4.1] AndroidManifest.xml:28:9-37:20
34            android:name="androidx.fragment.app.testing.FragmentScenario$EmptyFragmentActivity"
34-->[androidx.fragment:fragment-testing:1.4.1] AndroidManifest.xml:29:13-96
35            android:exported="true"
35-->[androidx.fragment:fragment-testing:1.4.1] AndroidManifest.xml:30:13-36
36            android:multiprocess="true"
36-->[androidx.fragment:fragment-testing:1.4.1] AndroidManifest.xml:31:13-40
37            android:taskAffinity=""
37-->[androidx.fragment:fragment-testing:1.4.1] AndroidManifest.xml:32:13-36
38            android:theme="@style/FragmentScenarioEmptyFragmentActivityTheme" >
38-->[androidx.fragment:fragment-testing:1.4.1] AndroidManifest.xml:33:13-78
39            <intent-filter>
39-->[androidx.fragment:fragment-testing:1.4.1] AndroidManifest.xml:34:13-36:29
40                <action android:name="android.intent.action.MAIN" />
40-->src/main/AndroidManifest.xml:18:17-69
40-->src/main/AndroidManifest.xml:18:25-66
41            </intent-filter>
42        </activity>
43
44        <uses-library
44-->[androidx.window:window:1.0.0] AndroidManifest.xml:25:9-27:40
45            android:name="androidx.window.extensions"
45-->[androidx.window:window:1.0.0] AndroidManifest.xml:26:13-54
46            android:required="false" />
46-->[androidx.window:window:1.0.0] AndroidManifest.xml:27:13-37
47        <uses-library
47-->[androidx.window:window:1.0.0] AndroidManifest.xml:28:9-30:40
48            android:name="androidx.window.sidecar"
48-->[androidx.window:window:1.0.0] AndroidManifest.xml:29:13-51
49            android:required="false" />
49-->[androidx.window:window:1.0.0] AndroidManifest.xml:30:13-37
50
51        <activity
51-->[androidx.test:core:1.4.0] AndroidManifest.xml:27:9-34:20
52            android:name="androidx.test.core.app.InstrumentationActivityInvoker$BootstrapActivity"
52-->[androidx.test:core:1.4.0] AndroidManifest.xml:28:13-99
53            android:exported="true"
53-->[androidx.test:core:1.4.0] AndroidManifest.xml:29:13-36
54            android:theme="@android:style/Theme" >
54-->[androidx.test:core:1.4.0] AndroidManifest.xml:30:13-49
55            <intent-filter>
55-->[androidx.fragment:fragment-testing:1.4.1] AndroidManifest.xml:34:13-36:29
56                <action android:name="android.intent.action.MAIN" />
56-->src/main/AndroidManifest.xml:18:17-69
56-->src/main/AndroidManifest.xml:18:25-66
57            </intent-filter>
58        </activity>
59        <activity
59-->[androidx.test:core:1.4.0] AndroidManifest.xml:35:9-42:20
60            android:name="androidx.test.core.app.InstrumentationActivityInvoker$EmptyActivity"
60-->[androidx.test:core:1.4.0] AndroidManifest.xml:36:13-95
61            android:exported="true"
61-->[androidx.test:core:1.4.0] AndroidManifest.xml:37:13-36
62            android:theme="@android:style/Theme" >
62-->[androidx.test:core:1.4.0] AndroidManifest.xml:38:13-49
63            <intent-filter>
63-->[androidx.fragment:fragment-testing:1.4.1] AndroidManifest.xml:34:13-36:29
64                <action android:name="android.intent.action.MAIN" />
64-->src/main/AndroidManifest.xml:18:17-69
64-->src/main/AndroidManifest.xml:18:25-66
65            </intent-filter>
66        </activity>
67        <activity
67-->[androidx.test:core:1.4.0] AndroidManifest.xml:43:9-50:20
68            android:name="androidx.test.core.app.InstrumentationActivityInvoker$EmptyFloatingActivity"
68-->[androidx.test:core:1.4.0] AndroidManifest.xml:44:13-103
69            android:exported="true"
69-->[androidx.test:core:1.4.0] AndroidManifest.xml:45:13-36
70            android:theme="@android:style/Theme.Dialog" >
70-->[androidx.test:core:1.4.0] AndroidManifest.xml:46:13-56
71            <intent-filter>
71-->[androidx.fragment:fragment-testing:1.4.1] AndroidManifest.xml:34:13-36:29
72                <action android:name="android.intent.action.MAIN" />
72-->src/main/AndroidManifest.xml:18:17-69
72-->src/main/AndroidManifest.xml:18:25-66
73            </intent-filter>
74        </activity>
75
76        <provider
76-->[androidx.emoji2:emoji2:1.0.0] AndroidManifest.xml:26:9-34:20
77            android:name="androidx.startup.InitializationProvider"
77-->[androidx.emoji2:emoji2:1.0.0] AndroidManifest.xml:27:13-67
78            android:authorities="com.example.plantapp.androidx-startup"
78-->[androidx.emoji2:emoji2:1.0.0] AndroidManifest.xml:28:13-68
79            android:exported="false" >
79-->[androidx.emoji2:emoji2:1.0.0] AndroidManifest.xml:29:13-37
80            <meta-data
80-->[androidx.emoji2:emoji2:1.0.0] AndroidManifest.xml:31:13-33:52
81                android:name="androidx.emoji2.text.EmojiCompatInitializer"
81-->[androidx.emoji2:emoji2:1.0.0] AndroidManifest.xml:32:17-75
82                android:value="androidx.startup" />
82-->[androidx.emoji2:emoji2:1.0.0] AndroidManifest.xml:33:17-49
83            <meta-data
83-->[androidx.lifecycle:lifecycle-process:2.4.0] AndroidManifest.xml:31:13-33:52
84                android:name="androidx.lifecycle.ProcessLifecycleInitializer"
84-->[androidx.lifecycle:lifecycle-process:2.4.0] AndroidManifest.xml:32:17-78
85                android:value="androidx.startup" />
85-->[androidx.lifecycle:lifecycle-process:2.4.0] AndroidManifest.xml:33:17-49
86        </provider>
87    </application>
88
89</manifest>